{
    "/Users/roman/Desktop/test/frontend/src/sum.ts": {
        "path": "/Users/roman/Desktop/test/frontend/src/sum.ts",
        "statementMap": {
            "0": {
                "start": { "line": 1, "column": 0 },
                "end": { "line": 1, "column": 16 }
            },
            "1": {
                "start": { "line": 2, "column": 4 },
                "end": { "line": 2, "column": 17 }
            }
        },
        "fnMap": {
            "0": {
                "name": "sum",
                "decl": {
                    "start": { "line": 1, "column": 16 },
                    "end": { "line": 1, "column": 19 }
                },
                "loc": {
                    "start": { "line": 1, "column": 40 },
                    "end": { "line": 3, "column": 1 }
                }
            }
        },
        "branchMap": {},
        "s": { "0": 1, "1": 1 },
        "f": { "0": 1 },
        "b": {}
    },
    "/Users/roman/Desktop/test/frontend/src/features/user-table/model/schema.ts": {
        "path": "/Users/roman/Desktop/test/frontend/src/features/user-table/model/schema.ts",
        "statementMap": {
            "0": {
                "start": { "line": 1, "column": 0 },
                "end": { "line": 1, "column": 24 }
            },
            "1": {
                "start": { "line": 3, "column": 13 },
                "end": { "line": 12, "column": 3 }
            }
        },
        "fnMap": {},
        "branchMap": {},
        "s": { "0": 0, "1": 0 },
        "f": {},
        "b": {}
    },
    "/Users/roman/Desktop/test/frontend/src/shared/vite-env.d.ts": {
        "path": "/Users/roman/Desktop/test/frontend/src/shared/vite-env.d.ts",
        "statementMap": {},
        "fnMap": {},
        "branchMap": {},
        "s": {},
        "f": {},
        "b": {}
    },
    "/Users/roman/Desktop/test/frontend/src/shared/api/query-client.ts": {
        "path": "/Users/roman/Desktop/test/frontend/src/shared/api/query-client.ts",
        "statementMap": {
            "0": {
                "start": { "line": 1, "column": 0 },
                "end": { "line": 1, "column": 52 }
            },
            "1": {
                "start": { "line": 3, "column": 13 },
                "end": { "line": 11, "column": 3 }
            }
        },
        "fnMap": {},
        "branchMap": {},
        "s": { "0": 0, "1": 0 },
        "f": {},
        "b": {}
    },
    "/Users/roman/Desktop/test/frontend/src/shared/hooks/use-query-params.ts": {
        "path": "/Users/roman/Desktop/test/frontend/src/shared/hooks/use-query-params.ts",
        "statementMap": {
            "0": {
                "start": { "line": 4, "column": 0 },
                "end": { "line": 4, "column": 16 }
            },
            "1": {
                "start": { "line": 1, "column": 0 },
                "end": { "line": 1, "column": 47 }
            },
            "2": {
                "start": { "line": 2, "column": 0 },
                "end": { "line": 2, "column": 31 }
            },
            "3": {
                "start": { "line": 5, "column": 23 },
                "end": { "line": 5, "column": 36 }
            },
            "4": {
                "start": { "line": 7, "column": 4 },
                "end": { "line": 7, "column": 70 }
            },
            "5": {
                "start": { "line": 7, "column": 31 },
                "end": { "line": 7, "column": 58 }
            }
        },
        "fnMap": {
            "0": {
                "name": "useQueryParams",
                "decl": {
                    "start": { "line": 4, "column": 16 },
                    "end": { "line": 4, "column": 30 }
                },
                "loc": {
                    "start": { "line": 4, "column": 30 },
                    "end": { "line": 8, "column": 1 }
                }
            },
            "1": {
                "name": "(anonymous_1)",
                "decl": {
                    "start": { "line": 7, "column": 25 },
                    "end": { "line": 7, "column": 28 }
                },
                "loc": {
                    "start": { "line": 7, "column": 31 },
                    "end": { "line": 7, "column": 58 }
                }
            }
        },
        "branchMap": {},
        "s": { "0": 0, "1": 0, "2": 0, "3": 0, "4": 0, "5": 0 },
        "f": { "0": 0, "1": 0 },
        "b": {}
    },
    "/Users/roman/Desktop/test/frontend/src/shared/lib/cn.ts": {
        "path": "/Users/roman/Desktop/test/frontend/src/shared/lib/cn.ts",
        "statementMap": {
            "0": {
                "start": { "line": 4, "column": 0 },
                "end": { "line": 4, "column": 16 }
            },
            "1": {
                "start": { "line": 1, "column": 0 },
                "end": { "line": 1, "column": 45 }
            },
            "2": {
                "start": { "line": 2, "column": 0 },
                "end": { "line": 2, "column": 41 }
            },
            "3": {
                "start": { "line": 5, "column": 4 },
                "end": { "line": 5, "column": 33 }
            }
        },
        "fnMap": {
            "0": {
                "name": "cn",
                "decl": {
                    "start": { "line": 4, "column": 16 },
                    "end": { "line": 4, "column": 18 }
                },
                "loc": {
                    "start": { "line": 4, "column": 42 },
                    "end": { "line": 6, "column": 1 }
                }
            }
        },
        "branchMap": {},
        "s": { "0": 0, "1": 0, "2": 0, "3": 0 },
        "f": { "0": 0 },
        "b": {}
    },
    "/Users/roman/Desktop/test/frontend/src/shared/lib/pagination.ts": {
        "path": "/Users/roman/Desktop/test/frontend/src/shared/lib/pagination.ts",
        "statementMap": {
            "0": {
                "start": { "line": 3, "column": 0 },
                "end": { "line": 3, "column": 16 }
            },
            "1": {
                "start": { "line": 1, "column": 13 },
                "end": { "line": 1, "column": 43 }
            },
            "2": {
                "start": { "line": 8, "column": 4 },
                "end": { "line": 10, "column": 5 }
            },
            "3": {
                "start": { "line": 9, "column": 8 },
                "end": { "line": 9, "column": 67 }
            },
            "4": {
                "start": { "line": 9, "column": 60 },
                "end": { "line": 9, "column": 65 }
            },
            "5": {
                "start": { "line": 12, "column": 48 },
                "end": { "line": 12, "column": 50 }
            },
            "6": {
                "start": { "line": 13, "column": 17 },
                "end": { "line": 13, "column": 49 }
            },
            "7": {
                "start": { "line": 14, "column": 18 },
                "end": { "line": 14, "column": 63 }
            },
            "8": {
                "start": { "line": 16, "column": 4 },
                "end": { "line": 16, "column": 18 }
            },
            "9": {
                "start": { "line": 18, "column": 4 },
                "end": { "line": 20, "column": 5 }
            },
            "10": {
                "start": { "line": 19, "column": 8 },
                "end": { "line": 19, "column": 29 }
            },
            "11": {
                "start": { "line": 22, "column": 4 },
                "end": { "line": 24, "column": 5 }
            },
            "12": {
                "start": { "line": 22, "column": 17 },
                "end": { "line": 22, "column": 21 }
            },
            "13": {
                "start": { "line": 23, "column": 8 },
                "end": { "line": 23, "column": 22 }
            },
            "14": {
                "start": { "line": 26, "column": 4 },
                "end": { "line": 28, "column": 5 }
            },
            "15": {
                "start": { "line": 27, "column": 8 },
                "end": { "line": 27, "column": 29 }
            },
            "16": {
                "start": { "line": 30, "column": 4 },
                "end": { "line": 30, "column": 27 }
            },
            "17": {
                "start": { "line": 32, "column": 4 },
                "end": { "line": 32, "column": 17 }
            }
        },
        "fnMap": {
            "0": {
                "name": "getPaginationRange",
                "decl": {
                    "start": { "line": 3, "column": 16 },
                    "end": { "line": 3, "column": 34 }
                },
                "loc": {
                    "start": { "line": 6, "column": 13 },
                    "end": { "line": 33, "column": 1 }
                }
            },
            "1": {
                "name": "(anonymous_1)",
                "decl": {
                    "start": { "line": 9, "column": 50 },
                    "end": { "line": 9, "column": 51 }
                },
                "loc": {
                    "start": { "line": 9, "column": 60 },
                    "end": { "line": 9, "column": 65 }
                }
            }
        },
        "branchMap": {
            "0": {
                "loc": {
                    "start": { "line": 6, "column": 4 },
                    "end": { "line": 6, "column": 13 }
                },
                "type": "default-arg",
                "locations": [
                    {
                        "start": { "line": 6, "column": 12 },
                        "end": { "line": 6, "column": 13 }
                    }
                ]
            },
            "1": {
                "loc": {
                    "start": { "line": 8, "column": 4 },
                    "end": { "line": 10, "column": 5 }
                },
                "type": "if",
                "locations": [
                    {
                        "start": { "line": 8, "column": 4 },
                        "end": { "line": 10, "column": 5 }
                    },
                    { "start": {}, "end": {} }
                ]
            },
            "2": {
                "loc": {
                    "start": { "line": 18, "column": 4 },
                    "end": { "line": 20, "column": 5 }
                },
                "type": "if",
                "locations": [
                    {
                        "start": { "line": 18, "column": 4 },
                        "end": { "line": 20, "column": 5 }
                    },
                    { "start": {}, "end": {} }
                ]
            },
            "3": {
                "loc": {
                    "start": { "line": 26, "column": 4 },
                    "end": { "line": 28, "column": 5 }
                },
                "type": "if",
                "locations": [
                    {
                        "start": { "line": 26, "column": 4 },
                        "end": { "line": 28, "column": 5 }
                    },
                    { "start": {}, "end": {} }
                ]
            }
        },
        "s": {
            "0": 0,
            "1": 0,
            "2": 0,
            "3": 0,
            "4": 0,
            "5": 0,
            "6": 0,
            "7": 0,
            "8": 0,
            "9": 0,
            "10": 0,
            "11": 0,
            "12": 0,
            "13": 0,
            "14": 0,
            "15": 0,
            "16": 0,
            "17": 0
        },
        "f": { "0": 0, "1": 0 },
        "b": { "0": [0], "1": [0, 0], "2": [0, 0], "3": [0, 0] }
    }
}
